

Started GET "/" for ::1 at 2016-01-10 16:09:22 -1000
Processing by Rails::WelcomeController#index as HTML
  Rendered /Library/Ruby/Gems/2.0.0/gems/railties-4.2.4/lib/rails/templates/rails/welcome/index.html.erb (2.4ms)
Completed 200 OK in 36ms (Views: 10.9ms | ActiveRecord: 0.0ms)


Started GET "/members" for ::1 at 2016-01-26 17:41:21 -1000

Mysql2::Error (Access denied for user 'root'@'localhost' (using password: YES)):
  mysql2 (0.3.20) lib/mysql2/client.rb:70:in `connect'
  mysql2 (0.3.20) lib/mysql2/client.rb:70:in `initialize'
  activerecord (4.2.4) lib/active_record/connection_adapters/mysql2_adapter.rb:18:in `new'
  activerecord (4.2.4) lib/active_record/connection_adapters/mysql2_adapter.rb:18:in `mysql2_connection'
  activerecord (4.2.4) lib/active_record/connection_adapters/abstract/connection_pool.rb:438:in `new_connection'
  activerecord (4.2.4) lib/active_record/connection_adapters/abstract/connection_pool.rb:448:in `checkout_new_connection'
  activerecord (4.2.4) lib/active_record/connection_adapters/abstract/connection_pool.rb:422:in `acquire_connection'
  activerecord (4.2.4) lib/active_record/connection_adapters/abstract/connection_pool.rb:349:in `block in checkout'
  /System/Library/Frameworks/Ruby.framework/Versions/2.0/usr/lib/ruby/2.0.0/monitor.rb:211:in `mon_synchronize'
  activerecord (4.2.4) lib/active_record/connection_adapters/abstract/connection_pool.rb:348:in `checkout'
  activerecord (4.2.4) lib/active_record/connection_adapters/abstract/connection_pool.rb:263:in `block in connection'
  /System/Library/Frameworks/Ruby.framework/Versions/2.0/usr/lib/ruby/2.0.0/monitor.rb:211:in `mon_synchronize'
  activerecord (4.2.4) lib/active_record/connection_adapters/abstract/connection_pool.rb:262:in `connection'
  activerecord (4.2.4) lib/active_record/connection_adapters/abstract/connection_pool.rb:571:in `retrieve_connection'
  activerecord (4.2.4) lib/active_record/connection_handling.rb:113:in `retrieve_connection'
  activerecord (4.2.4) lib/active_record/connection_handling.rb:87:in `connection'
  activerecord (4.2.4) lib/active_record/migration.rb:383:in `connection'
  activerecord (4.2.4) lib/active_record/migration.rb:370:in `call'
  actionpack (4.2.4) lib/action_dispatch/middleware/callbacks.rb:29:in `block in call'
  activesupport (4.2.4) lib/active_support/callbacks.rb:88:in `__run_callbacks__'
  activesupport (4.2.4) lib/active_support/callbacks.rb:778:in `_run_call_callbacks'
  activesupport (4.2.4) lib/active_support/callbacks.rb:81:in `run_callbacks'
  actionpack (4.2.4) lib/action_dispatch/middleware/callbacks.rb:27:in `call'
  actionpack (4.2.4) lib/action_dispatch/middleware/reloader.rb:73:in `call'
  actionpack (4.2.4) lib/action_dispatch/middleware/remote_ip.rb:78:in `call'
  actionpack (4.2.4) lib/action_dispatch/middleware/debug_exceptions.rb:17:in `call'
  web-console (2.2.1) lib/web_console/middleware.rb:39:in `call'
  actionpack (4.2.4) lib/action_dispatch/middleware/show_exceptions.rb:30:in `call'
  railties (4.2.4) lib/rails/rack/logger.rb:38:in `call_app'
  railties (4.2.4) lib/rails/rack/logger.rb:20:in `block in call'
  activesupport (4.2.4) lib/active_support/tagged_logging.rb:68:in `block in tagged'
  activesupport (4.2.4) lib/active_support/tagged_logging.rb:26:in `tagged'
  activesupport (4.2.4) lib/active_support/tagged_logging.rb:68:in `tagged'
  railties (4.2.4) lib/rails/rack/logger.rb:20:in `call'
  actionpack (4.2.4) lib/action_dispatch/middleware/request_id.rb:21:in `call'
  rack (1.6.4) lib/rack/methodoverride.rb:22:in `call'
  rack (1.6.4) lib/rack/runtime.rb:18:in `call'
  activesupport (4.2.4) lib/active_support/cache/strategy/local_cache_middleware.rb:28:in `call'
  rack (1.6.4) lib/rack/lock.rb:17:in `call'
  actionpack (4.2.4) lib/action_dispatch/middleware/static.rb:116:in `call'
  rack (1.6.4) lib/rack/sendfile.rb:113:in `call'
  railties (4.2.4) lib/rails/engine.rb:518:in `call'
  railties (4.2.4) lib/rails/application.rb:165:in `call'
  rack (1.6.4) lib/rack/lock.rb:17:in `call'
  rack (1.6.4) lib/rack/content_length.rb:15:in `call'
  rack (1.6.4) lib/rack/handler/webrick.rb:88:in `service'
  /System/Library/Frameworks/Ruby.framework/Versions/2.0/usr/lib/ruby/2.0.0/webrick/httpserver.rb:138:in `service'
  /System/Library/Frameworks/Ruby.framework/Versions/2.0/usr/lib/ruby/2.0.0/webrick/httpserver.rb:94:in `run'
  /System/Library/Frameworks/Ruby.framework/Versions/2.0/usr/lib/ruby/2.0.0/webrick/server.rb:295:in `block in start_thread'


  Rendered /Library/Ruby/Gems/2.0.0/gems/actionpack-4.2.4/lib/action_dispatch/middleware/templates/rescues/_source.erb (4.0ms)
  Rendered /Library/Ruby/Gems/2.0.0/gems/actionpack-4.2.4/lib/action_dispatch/middleware/templates/rescues/_trace.html.erb (2.8ms)
  Rendered /Library/Ruby/Gems/2.0.0/gems/actionpack-4.2.4/lib/action_dispatch/middleware/templates/rescues/_request_and_response.html.erb (1.5ms)
  Rendered /Library/Ruby/Gems/2.0.0/gems/actionpack-4.2.4/lib/action_dispatch/middleware/templates/rescues/diagnostics.html.erb within rescues/layout (33.8ms)
  Rendered /Library/Ruby/Gems/2.0.0/gems/web-console-2.2.1/lib/web_console/templates/_markup.html.erb (0.5ms)
  Rendered /Library/Ruby/Gems/2.0.0/gems/web-console-2.2.1/lib/web_console/templates/_inner_console_markup.html.erb within layouts/inlined_string (0.6ms)
  Rendered /Library/Ruby/Gems/2.0.0/gems/web-console-2.2.1/lib/web_console/templates/_prompt_box_markup.html.erb within layouts/inlined_string (0.5ms)
  Rendered /Library/Ruby/Gems/2.0.0/gems/web-console-2.2.1/lib/web_console/templates/style.css.erb within layouts/inlined_string (0.6ms)
  Rendered /Library/Ruby/Gems/2.0.0/gems/web-console-2.2.1/lib/web_console/templates/console.js.erb within layouts/javascript (27.6ms)
  Rendered /Library/Ruby/Gems/2.0.0/gems/web-console-2.2.1/lib/web_console/templates/main.js.erb within layouts/javascript (0.5ms)
  Rendered /Library/Ruby/Gems/2.0.0/gems/web-console-2.2.1/lib/web_console/templates/error_page.js.erb within layouts/javascript (0.6ms)
  Rendered /Library/Ruby/Gems/2.0.0/gems/web-console-2.2.1/lib/web_console/templates/index.html.erb (62.9ms)


Started GET "/" for ::1 at 2016-01-26 17:41:24 -1000

Mysql2::Error (Access denied for user 'root'@'localhost' (using password: YES)):
  mysql2 (0.3.20) lib/mysql2/client.rb:70:in `connect'
  mysql2 (0.3.20) lib/mysql2/client.rb:70:in `initialize'
  activerecord (4.2.4) lib/active_record/connection_adapters/mysql2_adapter.rb:18:in `new'
  activerecord (4.2.4) lib/active_record/connection_adapters/mysql2_adapter.rb:18:in `mysql2_connection'
  activerecord (4.2.4) lib/active_record/connection_adapters/abstract/connection_pool.rb:438:in `new_connection'
  activerecord (4.2.4) lib/active_record/connection_adapters/abstract/connection_pool.rb:448:in `checkout_new_connection'
  activerecord (4.2.4) lib/active_record/connection_adapters/abstract/connection_pool.rb:422:in `acquire_connection'
  activerecord (4.2.4) lib/active_record/connection_adapters/abstract/connection_pool.rb:349:in `block in checkout'
  /System/Library/Frameworks/Ruby.framework/Versions/2.0/usr/lib/ruby/2.0.0/monitor.rb:211:in `mon_synchronize'
  activerecord (4.2.4) lib/active_record/connection_adapters/abstract/connection_pool.rb:348:in `checkout'
  activerecord (4.2.4) lib/active_record/connection_adapters/abstract/connection_pool.rb:263:in `block in connection'
  /System/Library/Frameworks/Ruby.framework/Versions/2.0/usr/lib/ruby/2.0.0/monitor.rb:211:in `mon_synchronize'
  activerecord (4.2.4) lib/active_record/connection_adapters/abstract/connection_pool.rb:262:in `connection'
  activerecord (4.2.4) lib/active_record/connection_adapters/abstract/connection_pool.rb:571:in `retrieve_connection'
  activerecord (4.2.4) lib/active_record/connection_handling.rb:113:in `retrieve_connection'
  activerecord (4.2.4) lib/active_record/connection_handling.rb:87:in `connection'
  activerecord (4.2.4) lib/active_record/migration.rb:383:in `connection'
  activerecord (4.2.4) lib/active_record/migration.rb:370:in `call'
  actionpack (4.2.4) lib/action_dispatch/middleware/callbacks.rb:29:in `block in call'
  activesupport (4.2.4) lib/active_support/callbacks.rb:88:in `__run_callbacks__'
  activesupport (4.2.4) lib/active_support/callbacks.rb:778:in `_run_call_callbacks'
  activesupport (4.2.4) lib/active_support/callbacks.rb:81:in `run_callbacks'
  actionpack (4.2.4) lib/action_dispatch/middleware/callbacks.rb:27:in `call'
  actionpack (4.2.4) lib/action_dispatch/middleware/reloader.rb:73:in `call'
  actionpack (4.2.4) lib/action_dispatch/middleware/remote_ip.rb:78:in `call'
  actionpack (4.2.4) lib/action_dispatch/middleware/debug_exceptions.rb:17:in `call'
  web-console (2.2.1) lib/web_console/middleware.rb:39:in `call'
  actionpack (4.2.4) lib/action_dispatch/middleware/show_exceptions.rb:30:in `call'
  railties (4.2.4) lib/rails/rack/logger.rb:38:in `call_app'
  railties (4.2.4) lib/rails/rack/logger.rb:20:in `block in call'
  activesupport (4.2.4) lib/active_support/tagged_logging.rb:68:in `block in tagged'
  activesupport (4.2.4) lib/active_support/tagged_logging.rb:26:in `tagged'
  activesupport (4.2.4) lib/active_support/tagged_logging.rb:68:in `tagged'
  railties (4.2.4) lib/rails/rack/logger.rb:20:in `call'
  actionpack (4.2.4) lib/action_dispatch/middleware/request_id.rb:21:in `call'
  rack (1.6.4) lib/rack/methodoverride.rb:22:in `call'
  rack (1.6.4) lib/rack/runtime.rb:18:in `call'
  activesupport (4.2.4) lib/active_support/cache/strategy/local_cache_middleware.rb:28:in `call'
  rack (1.6.4) lib/rack/lock.rb:17:in `call'
  actionpack (4.2.4) lib/action_dispatch/middleware/static.rb:116:in `call'
  rack (1.6.4) lib/rack/sendfile.rb:113:in `call'
  railties (4.2.4) lib/rails/engine.rb:518:in `call'
  railties (4.2.4) lib/rails/application.rb:165:in `call'
  rack (1.6.4) lib/rack/lock.rb:17:in `call'
  rack (1.6.4) lib/rack/content_length.rb:15:in `call'
  rack (1.6.4) lib/rack/handler/webrick.rb:88:in `service'
  /System/Library/Frameworks/Ruby.framework/Versions/2.0/usr/lib/ruby/2.0.0/webrick/httpserver.rb:138:in `service'
  /System/Library/Frameworks/Ruby.framework/Versions/2.0/usr/lib/ruby/2.0.0/webrick/httpserver.rb:94:in `run'
  /System/Library/Frameworks/Ruby.framework/Versions/2.0/usr/lib/ruby/2.0.0/webrick/server.rb:295:in `block in start_thread'


  Rendered /Library/Ruby/Gems/2.0.0/gems/actionpack-4.2.4/lib/action_dispatch/middleware/templates/rescues/_source.erb (2.9ms)
  Rendered /Library/Ruby/Gems/2.0.0/gems/actionpack-4.2.4/lib/action_dispatch/middleware/templates/rescues/_trace.html.erb (1.6ms)
  Rendered /Library/Ruby/Gems/2.0.0/gems/actionpack-4.2.4/lib/action_dispatch/middleware/templates/rescues/_request_and_response.html.erb (0.7ms)
  Rendered /Library/Ruby/Gems/2.0.0/gems/actionpack-4.2.4/lib/action_dispatch/middleware/templates/rescues/diagnostics.html.erb within rescues/layout (16.9ms)
  Rendered /Library/Ruby/Gems/2.0.0/gems/web-console-2.2.1/lib/web_console/templates/_markup.html.erb (0.3ms)
  Rendered /Library/Ruby/Gems/2.0.0/gems/web-console-2.2.1/lib/web_console/templates/_inner_console_markup.html.erb within layouts/inlined_string (0.3ms)
  Rendered /Library/Ruby/Gems/2.0.0/gems/web-console-2.2.1/lib/web_console/templates/_prompt_box_markup.html.erb within layouts/inlined_string (0.2ms)
  Rendered /Library/Ruby/Gems/2.0.0/gems/web-console-2.2.1/lib/web_console/templates/style.css.erb within layouts/inlined_string (0.3ms)
  Rendered /Library/Ruby/Gems/2.0.0/gems/web-console-2.2.1/lib/web_console/templates/console.js.erb within layouts/javascript (13.5ms)
  Rendered /Library/Ruby/Gems/2.0.0/gems/web-console-2.2.1/lib/web_console/templates/main.js.erb within layouts/javascript (0.4ms)
  Rendered /Library/Ruby/Gems/2.0.0/gems/web-console-2.2.1/lib/web_console/templates/error_page.js.erb within layouts/javascript (0.7ms)
  Rendered /Library/Ruby/Gems/2.0.0/gems/web-console-2.2.1/lib/web_console/templates/index.html.erb (31.7ms)


Started GET "/" for ::1 at 2016-01-26 17:44:30 -1000

Mysql2::Error (Access denied for user 'root'@'localhost' (using password: YES)):
  mysql2 (0.3.20) lib/mysql2/client.rb:70:in `connect'
  mysql2 (0.3.20) lib/mysql2/client.rb:70:in `initialize'
  activerecord (4.2.4) lib/active_record/connection_adapters/mysql2_adapter.rb:18:in `new'
  activerecord (4.2.4) lib/active_record/connection_adapters/mysql2_adapter.rb:18:in `mysql2_connection'
  activerecord (4.2.4) lib/active_record/connection_adapters/abstract/connection_pool.rb:438:in `new_connection'
  activerecord (4.2.4) lib/active_record/connection_adapters/abstract/connection_pool.rb:448:in `checkout_new_connection'
  activerecord (4.2.4) lib/active_record/connection_adapters/abstract/connection_pool.rb:422:in `acquire_connection'
  activerecord (4.2.4) lib/active_record/connection_adapters/abstract/connection_pool.rb:349:in `block in checkout'
  /System/Library/Frameworks/Ruby.framework/Versions/2.0/usr/lib/ruby/2.0.0/monitor.rb:211:in `mon_synchronize'
  activerecord (4.2.4) lib/active_record/connection_adapters/abstract/connection_pool.rb:348:in `checkout'
  activerecord (4.2.4) lib/active_record/connection_adapters/abstract/connection_pool.rb:263:in `block in connection'
  /System/Library/Frameworks/Ruby.framework/Versions/2.0/usr/lib/ruby/2.0.0/monitor.rb:211:in `mon_synchronize'
  activerecord (4.2.4) lib/active_record/connection_adapters/abstract/connection_pool.rb:262:in `connection'
  activerecord (4.2.4) lib/active_record/connection_adapters/abstract/connection_pool.rb:571:in `retrieve_connection'
  activerecord (4.2.4) lib/active_record/connection_handling.rb:113:in `retrieve_connection'
  activerecord (4.2.4) lib/active_record/connection_handling.rb:87:in `connection'
  activerecord (4.2.4) lib/active_record/migration.rb:383:in `connection'
  activerecord (4.2.4) lib/active_record/migration.rb:370:in `call'
  actionpack (4.2.4) lib/action_dispatch/middleware/callbacks.rb:29:in `block in call'
  activesupport (4.2.4) lib/active_support/callbacks.rb:88:in `__run_callbacks__'
  activesupport (4.2.4) lib/active_support/callbacks.rb:778:in `_run_call_callbacks'
  activesupport (4.2.4) lib/active_support/callbacks.rb:81:in `run_callbacks'
  actionpack (4.2.4) lib/action_dispatch/middleware/callbacks.rb:27:in `call'
  actionpack (4.2.4) lib/action_dispatch/middleware/reloader.rb:73:in `call'
  actionpack (4.2.4) lib/action_dispatch/middleware/remote_ip.rb:78:in `call'
  actionpack (4.2.4) lib/action_dispatch/middleware/debug_exceptions.rb:17:in `call'
  web-console (2.2.1) lib/web_console/middleware.rb:39:in `call'
  actionpack (4.2.4) lib/action_dispatch/middleware/show_exceptions.rb:30:in `call'
  railties (4.2.4) lib/rails/rack/logger.rb:38:in `call_app'
  railties (4.2.4) lib/rails/rack/logger.rb:20:in `block in call'
  activesupport (4.2.4) lib/active_support/tagged_logging.rb:68:in `block in tagged'
  activesupport (4.2.4) lib/active_support/tagged_logging.rb:26:in `tagged'
  activesupport (4.2.4) lib/active_support/tagged_logging.rb:68:in `tagged'
  railties (4.2.4) lib/rails/rack/logger.rb:20:in `call'
  actionpack (4.2.4) lib/action_dispatch/middleware/request_id.rb:21:in `call'
  rack (1.6.4) lib/rack/methodoverride.rb:22:in `call'
  rack (1.6.4) lib/rack/runtime.rb:18:in `call'
  activesupport (4.2.4) lib/active_support/cache/strategy/local_cache_middleware.rb:28:in `call'
  rack (1.6.4) lib/rack/lock.rb:17:in `call'
  actionpack (4.2.4) lib/action_dispatch/middleware/static.rb:116:in `call'
  rack (1.6.4) lib/rack/sendfile.rb:113:in `call'
  railties (4.2.4) lib/rails/engine.rb:518:in `call'
  railties (4.2.4) lib/rails/application.rb:165:in `call'
  rack (1.6.4) lib/rack/lock.rb:17:in `call'
  rack (1.6.4) lib/rack/content_length.rb:15:in `call'
  rack (1.6.4) lib/rack/handler/webrick.rb:88:in `service'
  /System/Library/Frameworks/Ruby.framework/Versions/2.0/usr/lib/ruby/2.0.0/webrick/httpserver.rb:138:in `service'
  /System/Library/Frameworks/Ruby.framework/Versions/2.0/usr/lib/ruby/2.0.0/webrick/httpserver.rb:94:in `run'
  /System/Library/Frameworks/Ruby.framework/Versions/2.0/usr/lib/ruby/2.0.0/webrick/server.rb:295:in `block in start_thread'


  Rendered /Library/Ruby/Gems/2.0.0/gems/actionpack-4.2.4/lib/action_dispatch/middleware/templates/rescues/_source.erb (3.2ms)
  Rendered /Library/Ruby/Gems/2.0.0/gems/actionpack-4.2.4/lib/action_dispatch/middleware/templates/rescues/_trace.html.erb (1.5ms)
  Rendered /Library/Ruby/Gems/2.0.0/gems/actionpack-4.2.4/lib/action_dispatch/middleware/templates/rescues/_request_and_response.html.erb (0.7ms)
  Rendered /Library/Ruby/Gems/2.0.0/gems/actionpack-4.2.4/lib/action_dispatch/middleware/templates/rescues/diagnostics.html.erb within rescues/layout (16.7ms)
  Rendered /Library/Ruby/Gems/2.0.0/gems/web-console-2.2.1/lib/web_console/templates/_markup.html.erb (0.5ms)
  Rendered /Library/Ruby/Gems/2.0.0/gems/web-console-2.2.1/lib/web_console/templates/_inner_console_markup.html.erb within layouts/inlined_string (0.3ms)
  Rendered /Library/Ruby/Gems/2.0.0/gems/web-console-2.2.1/lib/web_console/templates/_prompt_box_markup.html.erb within layouts/inlined_string (0.2ms)
  Rendered /Library/Ruby/Gems/2.0.0/gems/web-console-2.2.1/lib/web_console/templates/style.css.erb within layouts/inlined_string (0.3ms)
  Rendered /Library/Ruby/Gems/2.0.0/gems/web-console-2.2.1/lib/web_console/templates/console.js.erb within layouts/javascript (13.5ms)
  Rendered /Library/Ruby/Gems/2.0.0/gems/web-console-2.2.1/lib/web_console/templates/main.js.erb within layouts/javascript (0.2ms)
  Rendered /Library/Ruby/Gems/2.0.0/gems/web-console-2.2.1/lib/web_console/templates/error_page.js.erb within layouts/javascript (0.3ms)
  Rendered /Library/Ruby/Gems/2.0.0/gems/web-console-2.2.1/lib/web_console/templates/index.html.erb (28.5ms)


Started GET "/" for ::1 at 2016-01-26 17:44:43 -1000
Processing by Rails::WelcomeController#index as HTML
  Rendered /Library/Ruby/Gems/2.0.0/gems/railties-4.2.4/lib/rails/templates/rails/welcome/index.html.erb (2.0ms)
Completed 200 OK in 74ms (Views: 53.6ms | ActiveRecord: 0.0ms)


Started GET "/" for ::1 at 2016-01-26 18:20:22 -1000
Processing by HomepageController#index as HTML
  Rendered homepage/index.html.erb within layouts/application (1.7ms)
Completed 500 Internal Server Error in 328ms (ActiveRecord: 0.0ms)

ActionView::Template::Error (File to import not found or unreadable: foundation-icons.
Load paths:
  /Users/torleifnielsen/RailsProjects/carbon-neutral/app/assets/images
  /Users/torleifnielsen/RailsProjects/carbon-neutral/app/assets/javascripts
  /Users/torleifnielsen/RailsProjects/carbon-neutral/app/assets/stylesheets
  /Users/torleifnielsen/RailsProjects/carbon-neutral/vendor/assets/javascripts
  /Users/torleifnielsen/RailsProjects/carbon-neutral/vendor/assets/stylesheets
  /Library/Ruby/Gems/2.0.0/gems/turbolinks-2.5.3/lib/assets/javascripts
  /Library/Ruby/Gems/2.0.0/gems/jquery-rails-4.0.5/vendor/assets/javascripts
  /Library/Ruby/Gems/2.0.0/gems/font-awesome-rails-4.5.0.0/app/assets/fonts
  /Library/Ruby/Gems/2.0.0/gems/font-awesome-rails-4.5.0.0/app/assets/stylesheets
  /Library/Ruby/Gems/2.0.0/gems/foundation-rails-5.5.3.2/vendor/assets/javascripts
  /Library/Ruby/Gems/2.0.0/gems/foundation-rails-5.5.3.2/vendor/assets/stylesheets
  /Library/Ruby/Gems/2.0.0/gems/coffee-rails-4.1.1/lib/assets/javascripts):
     6: 
     7:     <title>Carbon Neutrality Project</title>
     8: 
     9:     <%= stylesheet_link_tag    "application" %>
    10:     <%= javascript_include_tag "vendor/modernizr" %>
    11:     <%= javascript_include_tag "application", 'data-turbolinks-track' => true %>
    12:     <%= csrf_meta_tags %>
  app/assets/stylesheets/application.css.scss:19
  app/views/layouts/application.html.erb:9:in `_app_views_layouts_application_html_erb__3290670936626277629_70254198445960'


  Rendered /Library/Ruby/Gems/2.0.0/gems/actionpack-4.2.4/lib/action_dispatch/middleware/templates/rescues/_source.erb (9.8ms)
  Rendered /Library/Ruby/Gems/2.0.0/gems/actionpack-4.2.4/lib/action_dispatch/middleware/templates/rescues/_trace.html.erb (3.5ms)
  Rendered /Library/Ruby/Gems/2.0.0/gems/actionpack-4.2.4/lib/action_dispatch/middleware/templates/rescues/_request_and_response.html.erb (1.0ms)
  Rendered /Library/Ruby/Gems/2.0.0/gems/actionpack-4.2.4/lib/action_dispatch/middleware/templates/rescues/template_error.html.erb within rescues/layout (27.0ms)
  Rendered /Library/Ruby/Gems/2.0.0/gems/web-console-2.2.1/lib/web_console/templates/_markup.html.erb (0.4ms)
  Rendered /Library/Ruby/Gems/2.0.0/gems/web-console-2.2.1/lib/web_console/templates/_inner_console_markup.html.erb within layouts/inlined_string (0.4ms)
  Rendered /Library/Ruby/Gems/2.0.0/gems/web-console-2.2.1/lib/web_console/templates/_prompt_box_markup.html.erb within layouts/inlined_string (0.4ms)
  Rendered /Library/Ruby/Gems/2.0.0/gems/web-console-2.2.1/lib/web_console/templates/style.css.erb within layouts/inlined_string (0.4ms)
  Rendered /Library/Ruby/Gems/2.0.0/gems/web-console-2.2.1/lib/web_console/templates/console.js.erb within layouts/javascript (23.3ms)
  Rendered /Library/Ruby/Gems/2.0.0/gems/web-console-2.2.1/lib/web_console/templates/main.js.erb within layouts/javascript (0.6ms)
  Rendered /Library/Ruby/Gems/2.0.0/gems/web-console-2.2.1/lib/web_console/templates/error_page.js.erb within layouts/javascript (0.8ms)
  Rendered /Library/Ruby/Gems/2.0.0/gems/web-console-2.2.1/lib/web_console/templates/index.html.erb (45.3ms)


Started GET "/" for ::1 at 2016-01-26 18:20:25 -1000
Processing by HomepageController#index as HTML
  Rendered homepage/index.html.erb within layouts/application (0.1ms)
Completed 500 Internal Server Error in 17ms (ActiveRecord: 0.0ms)

ActionView::Template::Error (File to import not found or unreadable: foundation-icons.
Load paths:
  /Users/torleifnielsen/RailsProjects/carbon-neutral/app/assets/images
  /Users/torleifnielsen/RailsProjects/carbon-neutral/app/assets/javascripts
  /Users/torleifnielsen/RailsProjects/carbon-neutral/app/assets/stylesheets
  /Users/torleifnielsen/RailsProjects/carbon-neutral/vendor/assets/javascripts
  /Users/torleifnielsen/RailsProjects/carbon-neutral/vendor/assets/stylesheets
  /Library/Ruby/Gems/2.0.0/gems/turbolinks-2.5.3/lib/assets/javascripts
  /Library/Ruby/Gems/2.0.0/gems/jquery-rails-4.0.5/vendor/assets/javascripts
  /Library/Ruby/Gems/2.0.0/gems/font-awesome-rails-4.5.0.0/app/assets/fonts
  /Library/Ruby/Gems/2.0.0/gems/font-awesome-rails-4.5.0.0/app/assets/stylesheets
  /Library/Ruby/Gems/2.0.0/gems/foundation-rails-5.5.3.2/vendor/assets/javascripts
  /Library/Ruby/Gems/2.0.0/gems/foundation-rails-5.5.3.2/vendor/assets/stylesheets
  /Library/Ruby/Gems/2.0.0/gems/coffee-rails-4.1.1/lib/assets/javascripts):
     6: 
     7:     <title>Carbon Neutrality Project</title>
     8: 
     9:     <%= stylesheet_link_tag    "application" %>
    10:     <%= javascript_include_tag "vendor/modernizr" %>
    11:     <%= javascript_include_tag "application", 'data-turbolinks-track' => true %>
    12:     <%= csrf_meta_tags %>
  app/assets/stylesheets/application.css.scss:19
  app/views/layouts/application.html.erb:9:in `_app_views_layouts_application_html_erb__3290670936626277629_70254198445960'


  Rendered /Library/Ruby/Gems/2.0.0/gems/actionpack-4.2.4/lib/action_dispatch/middleware/templates/rescues/_source.erb (9.0ms)
  Rendered /Library/Ruby/Gems/2.0.0/gems/actionpack-4.2.4/lib/action_dispatch/middleware/templates/rescues/_trace.html.erb (3.5ms)
  Rendered /Library/Ruby/Gems/2.0.0/gems/actionpack-4.2.4/lib/action_dispatch/middleware/templates/rescues/_request_and_response.html.erb (1.2ms)
  Rendered /Library/Ruby/Gems/2.0.0/gems/actionpack-4.2.4/lib/action_dispatch/middleware/templates/rescues/template_error.html.erb within rescues/layout (26.7ms)
  Rendered /Library/Ruby/Gems/2.0.0/gems/web-console-2.2.1/lib/web_console/templates/_markup.html.erb (0.5ms)
  Rendered /Library/Ruby/Gems/2.0.0/gems/web-console-2.2.1/lib/web_console/templates/_inner_console_markup.html.erb within layouts/inlined_string (0.3ms)
  Rendered /Library/Ruby/Gems/2.0.0/gems/web-console-2.2.1/lib/web_console/templates/_prompt_box_markup.html.erb within layouts/inlined_string (0.4ms)
  Rendered /Library/Ruby/Gems/2.0.0/gems/web-console-2.2.1/lib/web_console/templates/style.css.erb within layouts/inlined_string (0.5ms)
  Rendered /Library/Ruby/Gems/2.0.0/gems/web-console-2.2.1/lib/web_console/templates/console.js.erb within layouts/javascript (20.3ms)
  Rendered /Library/Ruby/Gems/2.0.0/gems/web-console-2.2.1/lib/web_console/templates/main.js.erb within layouts/javascript (0.4ms)
  Rendered /Library/Ruby/Gems/2.0.0/gems/web-console-2.2.1/lib/web_console/templates/error_page.js.erb within layouts/javascript (0.5ms)
  Rendered /Library/Ruby/Gems/2.0.0/gems/web-console-2.2.1/lib/web_console/templates/index.html.erb (40.9ms)


Started GET "/" for ::1 at 2016-01-26 18:20:28 -1000
Processing by HomepageController#index as HTML
  Rendered homepage/index.html.erb within layouts/application (0.1ms)
Completed 500 Internal Server Error in 15ms (ActiveRecord: 0.0ms)

ActionView::Template::Error (File to import not found or unreadable: foundation-icons.
Load paths:
  /Users/torleifnielsen/RailsProjects/carbon-neutral/app/assets/images
  /Users/torleifnielsen/RailsProjects/carbon-neutral/app/assets/javascripts
  /Users/torleifnielsen/RailsProjects/carbon-neutral/app/assets/stylesheets
  /Users/torleifnielsen/RailsProjects/carbon-neutral/vendor/assets/javascripts
  /Users/torleifnielsen/RailsProjects/carbon-neutral/vendor/assets/stylesheets
  /Library/Ruby/Gems/2.0.0/gems/turbolinks-2.5.3/lib/assets/javascripts
  /Library/Ruby/Gems/2.0.0/gems/jquery-rails-4.0.5/vendor/assets/javascripts
  /Library/Ruby/Gems/2.0.0/gems/font-awesome-rails-4.5.0.0/app/assets/fonts
  /Library/Ruby/Gems/2.0.0/gems/font-awesome-rails-4.5.0.0/app/assets/stylesheets
  /Library/Ruby/Gems/2.0.0/gems/foundation-rails-5.5.3.2/vendor/assets/javascripts
  /Library/Ruby/Gems/2.0.0/gems/foundation-rails-5.5.3.2/vendor/assets/stylesheets
  /Library/Ruby/Gems/2.0.0/gems/coffee-rails-4.1.1/lib/assets/javascripts):
     6: 
     7:     <title>Carbon Neutrality Project</title>
     8: 
     9:     <%= stylesheet_link_tag    "application" %>
    10:     <%= javascript_include_tag "vendor/modernizr" %>
    11:     <%= javascript_include_tag "application", 'data-turbolinks-track' => true %>
    12:     <%= csrf_meta_tags %>
  app/assets/stylesheets/application.css.scss:19
  app/views/layouts/application.html.erb:9:in `_app_views_layouts_application_html_erb__3290670936626277629_70254198445960'


  Rendered /Library/Ruby/Gems/2.0.0/gems/actionpack-4.2.4/lib/action_dispatch/middleware/templates/rescues/_source.erb (11.4ms)
  Rendered /Library/Ruby/Gems/2.0.0/gems/actionpack-4.2.4/lib/action_dispatch/middleware/templates/rescues/_trace.html.erb (3.9ms)
  Rendered /Library/Ruby/Gems/2.0.0/gems/actionpack-4.2.4/lib/action_dispatch/middleware/templates/rescues/_request_and_response.html.erb (1.2ms)
  Rendered /Library/Ruby/Gems/2.0.0/gems/actionpack-4.2.4/lib/action_dispatch/middleware/templates/rescues/template_error.html.erb within rescues/layout (31.2ms)
  Rendered /Library/Ruby/Gems/2.0.0/gems/web-console-2.2.1/lib/web_console/templates/_markup.html.erb (0.4ms)
  Rendered /Library/Ruby/Gems/2.0.0/gems/web-console-2.2.1/lib/web_console/templates/_inner_console_markup.html.erb within layouts/inlined_string (0.5ms)
  Rendered /Library/Ruby/Gems/2.0.0/gems/web-console-2.2.1/lib/web_console/templates/_prompt_box_markup.html.erb within layouts/inlined_string (1.0ms)
  Rendered /Library/Ruby/Gems/2.0.0/gems/web-console-2.2.1/lib/web_console/templates/style.css.erb within layouts/inlined_string (0.8ms)
  Rendered /Library/Ruby/Gems/2.0.0/gems/web-console-2.2.1/lib/web_console/templates/console.js.erb within layouts/javascript (22.5ms)
  Rendered /Library/Ruby/Gems/2.0.0/gems/web-console-2.2.1/lib/web_console/templates/main.js.erb within layouts/javascript (0.4ms)
  Rendered /Library/Ruby/Gems/2.0.0/gems/web-console-2.2.1/lib/web_console/templates/error_page.js.erb within layouts/javascript (0.9ms)
  Rendered /Library/Ruby/Gems/2.0.0/gems/web-console-2.2.1/lib/web_console/templates/index.html.erb (42.1ms)


Started GET "/" for ::1 at 2016-01-26 18:21:38 -1000
Processing by HomepageController#index as HTML
  Rendered homepage/index.html.erb within layouts/application (0.1ms)
Completed 500 Internal Server Error in 109ms (ActiveRecord: 0.0ms)

ActionView::Template::Error (File to import not found or unreadable: foundation-icons.
Load paths:
  /Users/torleifnielsen/RailsProjects/carbon-neutral/app/assets/images
  /Users/torleifnielsen/RailsProjects/carbon-neutral/app/assets/javascripts
  /Users/torleifnielsen/RailsProjects/carbon-neutral/app/assets/stylesheets
  /Users/torleifnielsen/RailsProjects/carbon-neutral/vendor/assets/javascripts
  /Users/torleifnielsen/RailsProjects/carbon-neutral/vendor/assets/stylesheets
  /Library/Ruby/Gems/2.0.0/gems/turbolinks-2.5.3/lib/assets/javascripts
  /Library/Ruby/Gems/2.0.0/gems/jquery-rails-4.0.5/vendor/assets/javascripts
  /Library/Ruby/Gems/2.0.0/gems/font-awesome-rails-4.5.0.0/app/assets/fonts
  /Library/Ruby/Gems/2.0.0/gems/font-awesome-rails-4.5.0.0/app/assets/stylesheets
  /Library/Ruby/Gems/2.0.0/gems/foundation-rails-5.5.3.2/vendor/assets/javascripts
  /Library/Ruby/Gems/2.0.0/gems/foundation-rails-5.5.3.2/vendor/assets/stylesheets
  /Library/Ruby/Gems/2.0.0/gems/coffee-rails-4.1.1/lib/assets/javascripts):
     6: 
     7:     <title>Carbon Neutrality Project</title>
     8: 
     9:     <%= stylesheet_link_tag    "application" %>
    10:     <%= javascript_include_tag "vendor/modernizr" %>
    11:     <%= javascript_include_tag "application", 'data-turbolinks-track' => true %>
    12:     <%= csrf_meta_tags %>
  app/assets/stylesheets/application.css.scss:20
  app/views/layouts/application.html.erb:9:in `_app_views_layouts_application_html_erb__3290670936626277629_70254198445960'


  Rendered /Library/Ruby/Gems/2.0.0/gems/actionpack-4.2.4/lib/action_dispatch/middleware/templates/rescues/_source.erb (11.3ms)
  Rendered /Library/Ruby/Gems/2.0.0/gems/actionpack-4.2.4/lib/action_dispatch/middleware/templates/rescues/_trace.html.erb (5.8ms)
  Rendered /Library/Ruby/Gems/2.0.0/gems/actionpack-4.2.4/lib/action_dispatch/middleware/templates/rescues/_request_and_response.html.erb (1.4ms)
  Rendered /Library/Ruby/Gems/2.0.0/gems/actionpack-4.2.4/lib/action_dispatch/middleware/templates/rescues/template_error.html.erb within rescues/layout (36.4ms)
  Rendered /Library/Ruby/Gems/2.0.0/gems/web-console-2.2.1/lib/web_console/templates/_markup.html.erb (0.6ms)
  Rendered /Library/Ruby/Gems/2.0.0/gems/web-console-2.2.1/lib/web_console/templates/_inner_console_markup.html.erb within layouts/inlined_string (0.4ms)
  Rendered /Library/Ruby/Gems/2.0.0/gems/web-console-2.2.1/lib/web_console/templates/_prompt_box_markup.html.erb within layouts/inlined_string (0.4ms)
  Rendered /Library/Ruby/Gems/2.0.0/gems/web-console-2.2.1/lib/web_console/templates/style.css.erb within layouts/inlined_string (0.6ms)
  Rendered /Library/Ruby/Gems/2.0.0/gems/web-console-2.2.1/lib/web_console/templates/console.js.erb within layouts/javascript (21.3ms)
  Rendered /Library/Ruby/Gems/2.0.0/gems/web-console-2.2.1/lib/web_console/templates/main.js.erb within layouts/javascript (0.5ms)
  Rendered /Library/Ruby/Gems/2.0.0/gems/web-console-2.2.1/lib/web_console/templates/error_page.js.erb within layouts/javascript (0.7ms)
  Rendered /Library/Ruby/Gems/2.0.0/gems/web-console-2.2.1/lib/web_console/templates/index.html.erb (45.7ms)


Started GET "/" for ::1 at 2016-01-26 18:21:40 -1000
Processing by HomepageController#index as HTML
  Rendered homepage/index.html.erb within layouts/application (0.1ms)
Completed 500 Internal Server Error in 17ms (ActiveRecord: 0.0ms)

ActionView::Template::Error (File to import not found or unreadable: foundation-icons.
Load paths:
  /Users/torleifnielsen/RailsProjects/carbon-neutral/app/assets/images
  /Users/torleifnielsen/RailsProjects/carbon-neutral/app/assets/javascripts
  /Users/torleifnielsen/RailsProjects/carbon-neutral/app/assets/stylesheets
  /Users/torleifnielsen/RailsProjects/carbon-neutral/vendor/assets/javascripts
  /Users/torleifnielsen/RailsProjects/carbon-neutral/vendor/assets/stylesheets
  /Library/Ruby/Gems/2.0.0/gems/turbolinks-2.5.3/lib/assets/javascripts
  /Library/Ruby/Gems/2.0.0/gems/jquery-rails-4.0.5/vendor/assets/javascripts
  /Library/Ruby/Gems/2.0.0/gems/font-awesome-rails-4.5.0.0/app/assets/fonts
  /Library/Ruby/Gems/2.0.0/gems/font-awesome-rails-4.5.0.0/app/assets/stylesheets
  /Library/Ruby/Gems/2.0.0/gems/foundation-rails-5.5.3.2/vendor/assets/javascripts
  /Library/Ruby/Gems/2.0.0/gems/foundation-rails-5.5.3.2/vendor/assets/stylesheets
  /Library/Ruby/Gems/2.0.0/gems/coffee-rails-4.1.1/lib/assets/javascripts):
     6: 
     7:     <title>Carbon Neutrality Project</title>
     8: 
     9:     <%= stylesheet_link_tag    "application" %>
    10:     <%= javascript_include_tag "vendor/modernizr" %>
    11:     <%= javascript_include_tag "application", 'data-turbolinks-track' => true %>
    12:     <%= csrf_meta_tags %>
  app/assets/stylesheets/application.css.scss:20
  app/views/layouts/application.html.erb:9:in `_app_views_layouts_application_html_erb__3290670936626277629_70254198445960'


  Rendered /Library/Ruby/Gems/2.0.0/gems/actionpack-4.2.4/lib/action_dispatch/middleware/templates/rescues/_source.erb (8.6ms)
  Rendered /Library/Ruby/Gems/2.0.0/gems/actionpack-4.2.4/lib/action_dispatch/middleware/templates/rescues/_trace.html.erb (3.7ms)
  Rendered /Library/Ruby/Gems/2.0.0/gems/actionpack-4.2.4/lib/action_dispatch/middleware/templates/rescues/_request_and_response.html.erb (1.2ms)
  Rendered /Library/Ruby/Gems/2.0.0/gems/actionpack-4.2.4/lib/action_dispatch/middleware/templates/rescues/template_error.html.erb within rescues/layout (26.9ms)
  Rendered /Library/Ruby/Gems/2.0.0/gems/web-console-2.2.1/lib/web_console/templates/_markup.html.erb (0.4ms)
  Rendered /Library/Ruby/Gems/2.0.0/gems/web-console-2.2.1/lib/web_console/templates/_inner_console_markup.html.erb within layouts/inlined_string (0.3ms)
  Rendered /Library/Ruby/Gems/2.0.0/gems/web-console-2.2.1/lib/web_console/templates/_prompt_box_markup.html.erb within layouts/inlined_string (0.4ms)
  Rendered /Library/Ruby/Gems/2.0.0/gems/web-console-2.2.1/lib/web_console/templates/style.css.erb within layouts/inlined_string (0.7ms)
  Rendered /Library/Ruby/Gems/2.0.0/gems/web-console-2.2.1/lib/web_console/templates/console.js.erb within layouts/javascript (19.9ms)
  Rendered /Library/Ruby/Gems/2.0.0/gems/web-console-2.2.1/lib/web_console/templates/main.js.erb within layouts/javascript (0.5ms)
  Rendered /Library/Ruby/Gems/2.0.0/gems/web-console-2.2.1/lib/web_console/templates/error_page.js.erb within layouts/javascript (0.7ms)
  Rendered /Library/Ruby/Gems/2.0.0/gems/web-console-2.2.1/lib/web_console/templates/index.html.erb (43.2ms)


Started GET "/" for ::1 at 2016-01-26 18:21:45 -1000
Processing by HomepageController#index as HTML
  Rendered homepage/index.html.erb within layouts/application (0.1ms)
Completed 500 Internal Server Error in 16ms (ActiveRecord: 0.0ms)

ActionView::Template::Error (File to import not found or unreadable: foundation-icons.
Load paths:
  /Users/torleifnielsen/RailsProjects/carbon-neutral/app/assets/images
  /Users/torleifnielsen/RailsProjects/carbon-neutral/app/assets/javascripts
  /Users/torleifnielsen/RailsProjects/carbon-neutral/app/assets/stylesheets
  /Users/torleifnielsen/RailsProjects/carbon-neutral/vendor/assets/javascripts
  /Users/torleifnielsen/RailsProjects/carbon-neutral/vendor/assets/stylesheets
  /Library/Ruby/Gems/2.0.0/gems/turbolinks-2.5.3/lib/assets/javascripts
  /Library/Ruby/Gems/2.0.0/gems/jquery-rails-4.0.5/vendor/assets/javascripts
  /Library/Ruby/Gems/2.0.0/gems/font-awesome-rails-4.5.0.0/app/assets/fonts
  /Library/Ruby/Gems/2.0.0/gems/font-awesome-rails-4.5.0.0/app/assets/stylesheets
  /Library/Ruby/Gems/2.0.0/gems/foundation-rails-5.5.3.2/vendor/assets/javascripts
  /Library/Ruby/Gems/2.0.0/gems/foundation-rails-5.5.3.2/vendor/assets/stylesheets
  /Library/Ruby/Gems/2.0.0/gems/coffee-rails-4.1.1/lib/assets/javascripts):
     6: 
     7:     <title>Carbon Neutrality Project</title>
     8: 
     9:     <%= stylesheet_link_tag    "application" %>
    10:     <%= javascript_include_tag "vendor/modernizr" %>
    11:     <%= javascript_include_tag "application", 'data-turbolinks-track' => true %>
    12:     <%= csrf_meta_tags %>
  app/assets/stylesheets/application.css.scss:20
  app/views/layouts/application.html.erb:9:in `_app_views_layouts_application_html_erb__3290670936626277629_70254198445960'


  Rendered /Library/Ruby/Gems/2.0.0/gems/actionpack-4.2.4/lib/action_dispatch/middleware/templates/rescues/_source.erb (9.9ms)
  Rendered /Library/Ruby/Gems/2.0.0/gems/actionpack-4.2.4/lib/action_dispatch/middleware/templates/rescues/_trace.html.erb (4.0ms)
  Rendered /Library/Ruby/Gems/2.0.0/gems/actionpack-4.2.4/lib/action_dispatch/middleware/templates/rescues/_request_and_response.html.erb (1.1ms)
  Rendered /Library/Ruby/Gems/2.0.0/gems/actionpack-4.2.4/lib/action_dispatch/middleware/templates/rescues/template_error.html.erb within rescues/layout (105.7ms)
  Rendered /Library/Ruby/Gems/2.0.0/gems/web-console-2.2.1/lib/web_console/templates/_markup.html.erb (0.4ms)
  Rendered /Library/Ruby/Gems/2.0.0/gems/web-console-2.2.1/lib/web_console/templates/_inner_console_markup.html.erb within layouts/inlined_string (0.4ms)
  Rendered /Library/Ruby/Gems/2.0.0/gems/web-console-2.2.1/lib/web_console/templates/_prompt_box_markup.html.erb within layouts/inlined_string (0.4ms)
  Rendered /Library/Ruby/Gems/2.0.0/gems/web-console-2.2.1/lib/web_console/templates/style.css.erb within layouts/inlined_string (0.5ms)
  Rendered /Library/Ruby/Gems/2.0.0/gems/web-console-2.2.1/lib/web_console/templates/console.js.erb within layouts/javascript (17.8ms)
  Rendered /Library/Ruby/Gems/2.0.0/gems/web-console-2.2.1/lib/web_console/templates/main.js.erb within layouts/javascript (0.4ms)
  Rendered /Library/Ruby/Gems/2.0.0/gems/web-console-2.2.1/lib/web_console/templates/error_page.js.erb within layouts/javascript (0.8ms)
  Rendered /Library/Ruby/Gems/2.0.0/gems/web-console-2.2.1/lib/web_console/templates/index.html.erb (38.1ms)


Started GET "/" for ::1 at 2016-01-26 18:21:58 -1000
Processing by HomepageController#index as HTML
  Rendered homepage/index.html.erb within layouts/application (1.0ms)
Completed 500 Internal Server Error in 332ms (ActiveRecord: 0.0ms)

ActionView::Template::Error (File to import not found or unreadable: foundation-icons.
Load paths:
  /Users/torleifnielsen/RailsProjects/carbon-neutral/app/assets/images
  /Users/torleifnielsen/RailsProjects/carbon-neutral/app/assets/javascripts
  /Users/torleifnielsen/RailsProjects/carbon-neutral/app/assets/stylesheets
  /Users/torleifnielsen/RailsProjects/carbon-neutral/vendor/assets/javascripts
  /Users/torleifnielsen/RailsProjects/carbon-neutral/vendor/assets/stylesheets
  /Library/Ruby/Gems/2.0.0/gems/turbolinks-2.5.3/lib/assets/javascripts
  /Library/Ruby/Gems/2.0.0/gems/jquery-rails-4.0.5/vendor/assets/javascripts
  /Library/Ruby/Gems/2.0.0/gems/font-awesome-rails-4.5.0.0/app/assets/fonts
  /Library/Ruby/Gems/2.0.0/gems/font-awesome-rails-4.5.0.0/app/assets/stylesheets
  /Library/Ruby/Gems/2.0.0/gems/foundation-rails-5.5.3.2/vendor/assets/javascripts
  /Library/Ruby/Gems/2.0.0/gems/foundation-rails-5.5.3.2/vendor/assets/stylesheets
  /Library/Ruby/Gems/2.0.0/gems/coffee-rails-4.1.1/lib/assets/javascripts):
     6: 
     7:     <title>Carbon Neutrality Project</title>
     8: 
     9:     <%= stylesheet_link_tag    "application" %>
    10:     <%= javascript_include_tag "vendor/modernizr" %>
    11:     <%= javascript_include_tag "application", 'data-turbolinks-track' => true %>
    12:     <%= csrf_meta_tags %>
  app/assets/stylesheets/application.css.scss:20
  app/views/layouts/application.html.erb:9:in `_app_views_layouts_application_html_erb__950402730903304658_70327950383140'


  Rendered /Library/Ruby/Gems/2.0.0/gems/actionpack-4.2.4/lib/action_dispatch/middleware/templates/rescues/_source.erb (11.7ms)
  Rendered /Library/Ruby/Gems/2.0.0/gems/actionpack-4.2.4/lib/action_dispatch/middleware/templates/rescues/_trace.html.erb (3.7ms)
  Rendered /Library/Ruby/Gems/2.0.0/gems/actionpack-4.2.4/lib/action_dispatch/middleware/templates/rescues/_request_and_response.html.erb (1.0ms)
  Rendered /Library/Ruby/Gems/2.0.0/gems/actionpack-4.2.4/lib/action_dispatch/middleware/templates/rescues/template_error.html.erb within rescues/layout (32.9ms)
  Rendered /Library/Ruby/Gems/2.0.0/gems/web-console-2.2.1/lib/web_console/templates/_markup.html.erb (0.4ms)
  Rendered /Library/Ruby/Gems/2.0.0/gems/web-console-2.2.1/lib/web_console/templates/_inner_console_markup.html.erb within layouts/inlined_string (0.5ms)
  Rendered /Library/Ruby/Gems/2.0.0/gems/web-console-2.2.1/lib/web_console/templates/_prompt_box_markup.html.erb within layouts/inlined_string (0.5ms)
  Rendered /Library/Ruby/Gems/2.0.0/gems/web-console-2.2.1/lib/web_console/templates/style.css.erb within layouts/inlined_string (0.4ms)
  Rendered /Library/Ruby/Gems/2.0.0/gems/web-console-2.2.1/lib/web_console/templates/console.js.erb within layouts/javascript (20.8ms)
  Rendered /Library/Ruby/Gems/2.0.0/gems/web-console-2.2.1/lib/web_console/templates/main.js.erb within layouts/javascript (0.4ms)
  Rendered /Library/Ruby/Gems/2.0.0/gems/web-console-2.2.1/lib/web_console/templates/error_page.js.erb within layouts/javascript (0.5ms)
  Rendered /Library/Ruby/Gems/2.0.0/gems/web-console-2.2.1/lib/web_console/templates/index.html.erb (41.4ms)


Started GET "/" for ::1 at 2016-01-26 18:23:33 -1000
Processing by HomepageController#index as HTML
  Rendered homepage/index.html.erb within layouts/application (0.1ms)
Completed 500 Internal Server Error in 20ms (ActiveRecord: 0.0ms)

ActionView::Template::Error (File to import not found or unreadable: foundation-icons.
Load paths:
  /Users/torleifnielsen/RailsProjects/carbon-neutral/app/assets/images
  /Users/torleifnielsen/RailsProjects/carbon-neutral/app/assets/javascripts
  /Users/torleifnielsen/RailsProjects/carbon-neutral/app/assets/stylesheets
  /Users/torleifnielsen/RailsProjects/carbon-neutral/vendor/assets/javascripts
  /Users/torleifnielsen/RailsProjects/carbon-neutral/vendor/assets/stylesheets
  /Library/Ruby/Gems/2.0.0/gems/turbolinks-2.5.3/lib/assets/javascripts
  /Library/Ruby/Gems/2.0.0/gems/jquery-rails-4.0.5/vendor/assets/javascripts
  /Library/Ruby/Gems/2.0.0/gems/font-awesome-rails-4.5.0.0/app/assets/fonts
  /Library/Ruby/Gems/2.0.0/gems/font-awesome-rails-4.5.0.0/app/assets/stylesheets
  /Library/Ruby/Gems/2.0.0/gems/foundation-rails-5.5.3.2/vendor/assets/javascripts
  /Library/Ruby/Gems/2.0.0/gems/foundation-rails-5.5.3.2/vendor/assets/stylesheets
  /Library/Ruby/Gems/2.0.0/gems/coffee-rails-4.1.1/lib/assets/javascripts):
     6: 
     7:     <title>Carbon Neutrality Project</title>
     8: 
     9:     <%= stylesheet_link_tag    "application" %>
    10:     <%= javascript_include_tag "vendor/modernizr" %>
    11:     <%= javascript_include_tag "application", 'data-turbolinks-track' => true %>
    12:     <%= csrf_meta_tags %>
  app/assets/stylesheets/application.css.scss:20
  app/views/layouts/application.html.erb:9:in `_app_views_layouts_application_html_erb__950402730903304658_70327950383140'


  Rendered /Library/Ruby/Gems/2.0.0/gems/actionpack-4.2.4/lib/action_dispatch/middleware/templates/rescues/_source.erb (12.7ms)
  Rendered /Library/Ruby/Gems/2.0.0/gems/actionpack-4.2.4/lib/action_dispatch/middleware/templates/rescues/_trace.html.erb (5.0ms)
  Rendered /Library/Ruby/Gems/2.0.0/gems/actionpack-4.2.4/lib/action_dispatch/middleware/templates/rescues/_request_and_response.html.erb (1.3ms)
  Rendered /Library/Ruby/Gems/2.0.0/gems/actionpack-4.2.4/lib/action_dispatch/middleware/templates/rescues/template_error.html.erb within rescues/layout (35.5ms)
  Rendered /Library/Ruby/Gems/2.0.0/gems/web-console-2.2.1/lib/web_console/templates/_markup.html.erb (0.7ms)
  Rendered /Library/Ruby/Gems/2.0.0/gems/web-console-2.2.1/lib/web_console/templates/_inner_console_markup.html.erb within layouts/inlined_string (1.1ms)
  Rendered /Library/Ruby/Gems/2.0.0/gems/web-console-2.2.1/lib/web_console/templates/_prompt_box_markup.html.erb within layouts/inlined_string (0.5ms)
  Rendered /Library/Ruby/Gems/2.0.0/gems/web-console-2.2.1/lib/web_console/templates/style.css.erb within layouts/inlined_string (0.6ms)
  Rendered /Library/Ruby/Gems/2.0.0/gems/web-console-2.2.1/lib/web_console/templates/console.js.erb within layouts/javascript (23.7ms)
  Rendered /Library/Ruby/Gems/2.0.0/gems/web-console-2.2.1/lib/web_console/templates/main.js.erb within layouts/javascript (0.5ms)
  Rendered /Library/Ruby/Gems/2.0.0/gems/web-console-2.2.1/lib/web_console/templates/error_page.js.erb within layouts/javascript (4.8ms)
  Rendered /Library/Ruby/Gems/2.0.0/gems/web-console-2.2.1/lib/web_console/templates/index.html.erb (61.4ms)


Started GET "/" for ::1 at 2016-01-26 18:23:35 -1000
Processing by HomepageController#index as HTML
  Rendered homepage/index.html.erb within layouts/application (0.1ms)
Completed 500 Internal Server Error in 16ms (ActiveRecord: 0.0ms)

ActionView::Template::Error (File to import not found or unreadable: foundation-icons.
Load paths:
  /Users/torleifnielsen/RailsProjects/carbon-neutral/app/assets/images
  /Users/torleifnielsen/RailsProjects/carbon-neutral/app/assets/javascripts
  /Users/torleifnielsen/RailsProjects/carbon-neutral/app/assets/stylesheets
  /Users/torleifnielsen/RailsProjects/carbon-neutral/vendor/assets/javascripts
  /Users/torleifnielsen/RailsProjects/carbon-neutral/vendor/assets/stylesheets
  /Library/Ruby/Gems/2.0.0/gems/turbolinks-2.5.3/lib/assets/javascripts
  /Library/Ruby/Gems/2.0.0/gems/jquery-rails-4.0.5/vendor/assets/javascripts
  /Library/Ruby/Gems/2.0.0/gems/font-awesome-rails-4.5.0.0/app/assets/fonts
  /Library/Ruby/Gems/2.0.0/gems/font-awesome-rails-4.5.0.0/app/assets/stylesheets
  /Library/Ruby/Gems/2.0.0/gems/foundation-rails-5.5.3.2/vendor/assets/javascripts
  /Library/Ruby/Gems/2.0.0/gems/foundation-rails-5.5.3.2/vendor/assets/stylesheets
  /Library/Ruby/Gems/2.0.0/gems/coffee-rails-4.1.1/lib/assets/javascripts):
     6: 
     7:     <title>Carbon Neutrality Project</title>
     8: 
     9:     <%= stylesheet_link_tag    "application" %>
    10:     <%= javascript_include_tag "vendor/modernizr" %>
    11:     <%= javascript_include_tag "application", 'data-turbolinks-track' => true %>
    12:     <%= csrf_meta_tags %>
  app/assets/stylesheets/application.css.scss:20
  app/views/layouts/application.html.erb:9:in `_app_views_layouts_application_html_erb__950402730903304658_70327950383140'


  Rendered /Library/Ruby/Gems/2.0.0/gems/actionpack-4.2.4/lib/action_dispatch/middleware/templates/rescues/_source.erb (8.8ms)
  Rendered /Library/Ruby/Gems/2.0.0/gems/actionpack-4.2.4/lib/action_dispatch/middleware/templates/rescues/_trace.html.erb (3.5ms)
  Rendered /Library/Ruby/Gems/2.0.0/gems/actionpack-4.2.4/lib/action_dispatch/middleware/templates/rescues/_request_and_response.html.erb (0.9ms)
  Rendered /Library/Ruby/Gems/2.0.0/gems/actionpack-4.2.4/lib/action_dispatch/middleware/templates/rescues/template_error.html.erb within rescues/layout (25.9ms)
  Rendered /Library/Ruby/Gems/2.0.0/gems/web-console-2.2.1/lib/web_console/templates/_markup.html.erb (0.4ms)
  Rendered /Library/Ruby/Gems/2.0.0/gems/web-console-2.2.1/lib/web_console/templates/_inner_console_markup.html.erb within layouts/inlined_string (0.4ms)
  Rendered /Library/Ruby/Gems/2.0.0/gems/web-console-2.2.1/lib/web_console/templates/_prompt_box_markup.html.erb within layouts/inlined_string (0.4ms)
  Rendered /Library/Ruby/Gems/2.0.0/gems/web-console-2.2.1/lib/web_console/templates/style.css.erb within layouts/inlined_string (1.0ms)
  Rendered /Library/Ruby/Gems/2.0.0/gems/web-console-2.2.1/lib/web_console/templates/console.js.erb within layouts/javascript (20.3ms)
  Rendered /Library/Ruby/Gems/2.0.0/gems/web-console-2.2.1/lib/web_console/templates/main.js.erb within layouts/javascript (0.6ms)
  Rendered /Library/Ruby/Gems/2.0.0/gems/web-console-2.2.1/lib/web_console/templates/error_page.js.erb within layouts/javascript (0.7ms)
  Rendered /Library/Ruby/Gems/2.0.0/gems/web-console-2.2.1/lib/web_console/templates/index.html.erb (41.2ms)


Started GET "/" for ::1 at 2016-01-26 18:23:43 -1000
Processing by HomepageController#index as HTML
  Rendered homepage/index.html.erb within layouts/application (0.9ms)
DEPRECATION WARNING on line 78 of /Library/Ruby/Gems/2.0.0/gems/foundation-rails-5.5.3.2/vendor/assets/stylesheets/foundation/components/_top-bar.scss: #{} interpolation near operators will be simplified
in a future version of Sass. To preserve the current behavior, use quotes:

  unquote("#{lower-bound($medium-range)}")


  Rendered layouts/_messages.html.erb (0.5ms)
  Rendered layouts/_footer.html (0.4ms)
Completed 200 OK in 12682ms (Views: 12660.4ms | ActiveRecord: 0.0ms)


Started GET "/assets/font-awesome.self-c1a7a80b6536c3397a1a212c9bd22298ae69260ee343d00b60d7f41fa54a59a8.css?body=1" for ::1 at 2016-01-26 18:23:56 -1000


Started GET "/assets/homepage.self-e3b0c44298fc1c149afbf4c8996fb92427ae41e4649b934ca495991b7852b855.css?body=1" for ::1 at 2016-01-26 18:23:56 -1000


Started GET "/assets/application.self-c964a2d8e51b538e18491106eae069ec7675adfd63758d21a1db02b698135fde.css?body=1" for ::1 at 2016-01-26 18:23:56 -1000


Started GET "/assets/vendor/modernizr.self-74da3245def7569da28115667be6a85a2ad97464abe707c9829c46d8975597bc.js?body=1" for ::1 at 2016-01-26 18:23:56 -1000


Started GET "/assets/foundation_and_overrides.self-41926e34ebac7179bd190cebb0f11215b755caebce472e2d1dc7b50d71a1eca6.css?body=1" for ::1 at 2016-01-26 18:23:56 -1000


Started GET "/assets/jquery.self-a714331225dda820228db323939889f149aec0127aeb06255646b616ba1ca419.js?body=1" for ::1 at 2016-01-26 18:23:56 -1000


Started GET "/assets/jquery_ujs.self-d456baa54c1fa6be2ec3711f0a72ddf7a5b2f34a6b4f515f33767d6207b7d4b3.js?body=1" for ::1 at 2016-01-26 18:23:56 -1000


Started GET "/assets/foundation/foundation.clearing.self-96397aa6b2d39ff61e9b4ce8486a9f716f9072f2011f1dc99f94a96b381b3830.js?body=1" for ::1 at 2016-01-26 18:23:56 -1000


Started GET "/assets/foundation/foundation.abide.self-670a9b56e37b4b434f79686b8a9862222173d68ec823b20565340e0e87627ca4.js?body=1" for ::1 at 2016-01-26 18:23:56 -1000


Started GET "/assets/foundation/foundation.accordion.self-02a179f7efde1facecf8a814cae32112c36800ce3d66bafc00c807a56d7b8d46.js?body=1" for ::1 at 2016-01-26 18:23:57 -1000


Started GET "/assets/foundation/foundation.alert.self-631e4c4124bd543574c5a7f4d5d8b59fdf350f6c11d6201ba8a872e8a0f203b0.js?body=1" for ::1 at 2016-01-26 18:23:57 -1000


Started GET "/assets/foundation/foundation.self-98616d4fb376f824aeb7c868e05e747b97176a864c7da854779ed398828df78f.js?body=1" for ::1 at 2016-01-26 18:23:57 -1000


Started GET "/assets/foundation/foundation.dropdown.self-3e70f72040b183d09b673307b08d1d688a5572c6c8cbb222755945e70ccbb05e.js?body=1" for ::1 at 2016-01-26 18:23:57 -1000


Started GET "/assets/foundation/foundation.equalizer.self-1889be5dfd0e56321a9a6d5fe9d4a94b04602c158f3e4d58419b967c255b999f.js?body=1" for ::1 at 2016-01-26 18:23:57 -1000


Started GET "/assets/foundation/foundation.interchange.self-c6d033cdd9e7fd3f29c067eb7b9ee564f7a6b542650d2ca530ae1e3c529a3c35.js?body=1" for ::1 at 2016-01-26 18:23:57 -1000


Started GET "/assets/foundation/foundation.joyride.self-1f6b19104e2439f1e4353444cb6fb9f7f308563556f167c2154ca3108eb7f77e.js?body=1" for ::1 at 2016-01-26 18:23:57 -1000


Started GET "/assets/foundation/foundation.magellan.self-1fcf75780d5b4db5e97c267810e7c9a5e19a9f0d7b67a2d167074d7cff1d6a70.js?body=1" for ::1 at 2016-01-26 18:23:57 -1000


Started GET "/assets/foundation/foundation.offcanvas.self-2f34a4b91e1e958aefbde46004d6186ee82e018fe95634214749799141339810.js?body=1" for ::1 at 2016-01-26 18:23:57 -1000


Started GET "/assets/foundation/foundation.orbit.self-ba7d30fe424df83b5bc8bc5bb67ea90608759c6eb8212d1475d52b09db0bcd0f.js?body=1" for ::1 at 2016-01-26 18:23:57 -1000


Started GET "/assets/foundation/foundation.reveal.self-5a83316675f14b52f582d67c053ae7977827a5b06459d7e8f5556cbedfba1d0d.js?body=1" for ::1 at 2016-01-26 18:23:57 -1000


Started GET "/assets/foundation/foundation.tab.self-9b2bd1afa5715ce8f154fa008d0aab44500763e9b336a6d4e5bca96437176a74.js?body=1" for ::1 at 2016-01-26 18:23:57 -1000


Started GET "/assets/foundation/foundation.slider.self-686e8b14e01aeb75ec0980de90956540d2b245324fc58e8c25debafc60300b96.js?body=1" for ::1 at 2016-01-26 18:23:57 -1000


Started GET "/assets/foundation/foundation.tooltip.self-dae1db2297f90064e1a8ae7b02b175ca613cc6a2d190aaed548f6ef853f4b46d.js?body=1" for ::1 at 2016-01-26 18:23:57 -1000


Started GET "/assets/foundation/foundation.topbar.self-fa6260890f9f59c821128d066bcfaa18665c816022bafd398d937c367d5e39b7.js?body=1" for ::1 at 2016-01-26 18:23:57 -1000


Started GET "/assets/foundation.self-abe4ee7a105042f73b12b1f1a28788522d2f253445a475a94ab4d6e1f7b0ec52.js?body=1" for ::1 at 2016-01-26 18:23:57 -1000


Started GET "/assets/turbolinks.self-c37727e9bd6b2735da5c311aa83fead54ed0be6cc8bd9a65309e9c5abe2cbfff.js?body=1" for ::1 at 2016-01-26 18:23:57 -1000


Started GET "/assets/homepage.self-877aef30ae1b040ab8a3aba4e3e309a11d7f2612f44dde450b5c157aa5f95c05.js?body=1" for ::1 at 2016-01-26 18:23:57 -1000


Started GET "/assets/application.self-79a300d240bbf145c9af961805bc87f18e9f73bd1cda275895295c80d8552d3f.js?body=1" for ::1 at 2016-01-26 18:23:57 -1000


Started GET "/" for ::1 at 2016-01-26 18:24:48 -1000
Processing by HomepageController#index as HTML
  Rendered homepage/index.html.erb within layouts/application (0.1ms)
  Rendered layouts/_messages.html.erb (0.2ms)
  Rendered layouts/_footer.html (0.1ms)
Completed 200 OK in 760ms (Views: 759.4ms | ActiveRecord: 0.0ms)


Started GET "/assets/font-awesome.self-c1a7a80b6536c3397a1a212c9bd22298ae69260ee343d00b60d7f41fa54a59a8.css?body=1" for ::1 at 2016-01-26 18:24:48 -1000


Started GET "/assets/application.self-7dcd916b35f36bcb3329bcda9134f509e1b5d8329acd154b21403ff95991833f.css?body=1" for ::1 at 2016-01-26 18:24:48 -1000


Started GET "/assets/vendor/modernizr.self-74da3245def7569da28115667be6a85a2ad97464abe707c9829c46d8975597bc.js?body=1" for ::1 at 2016-01-26 18:24:48 -1000


Started GET "/assets/jquery.self-a714331225dda820228db323939889f149aec0127aeb06255646b616ba1ca419.js?body=1" for ::1 at 2016-01-26 18:24:48 -1000


Started GET "/assets/foundation_and_overrides.self-41926e34ebac7179bd190cebb0f11215b755caebce472e2d1dc7b50d71a1eca6.css?body=1" for ::1 at 2016-01-26 18:24:48 -1000


Started GET "/assets/homepage.self-e3b0c44298fc1c149afbf4c8996fb92427ae41e4649b934ca495991b7852b855.css?body=1" for ::1 at 2016-01-26 18:24:49 -1000


Started GET "/assets/foundation/foundation.self-98616d4fb376f824aeb7c868e05e747b97176a864c7da854779ed398828df78f.js?body=1" for ::1 at 2016-01-26 18:24:49 -1000


Started GET "/assets/jquery_ujs.self-d456baa54c1fa6be2ec3711f0a72ddf7a5b2f34a6b4f515f33767d6207b7d4b3.js?body=1" for ::1 at 2016-01-26 18:24:49 -1000


Started GET "/assets/foundation/foundation.abide.self-670a9b56e37b4b434f79686b8a9862222173d68ec823b20565340e0e87627ca4.js?body=1" for ::1 at 2016-01-26 18:24:49 -1000


Started GET "/assets/foundation/foundation.accordion.self-02a179f7efde1facecf8a814cae32112c36800ce3d66bafc00c807a56d7b8d46.js?body=1" for ::1 at 2016-01-26 18:24:49 -1000


Started GET "/assets/foundation/foundation.alert.self-631e4c4124bd543574c5a7f4d5d8b59fdf350f6c11d6201ba8a872e8a0f203b0.js?body=1" for ::1 at 2016-01-26 18:24:49 -1000


Started GET "/assets/foundation/foundation.clearing.self-96397aa6b2d39ff61e9b4ce8486a9f716f9072f2011f1dc99f94a96b381b3830.js?body=1" for ::1 at 2016-01-26 18:24:49 -1000


Started GET "/assets/foundation/foundation.dropdown.self-3e70f72040b183d09b673307b08d1d688a5572c6c8cbb222755945e70ccbb05e.js?body=1" for ::1 at 2016-01-26 18:24:49 -1000


Started GET "/assets/foundation/foundation.interchange.self-c6d033cdd9e7fd3f29c067eb7b9ee564f7a6b542650d2ca530ae1e3c529a3c35.js?body=1" for ::1 at 2016-01-26 18:24:49 -1000


Started GET "/assets/foundation/foundation.equalizer.self-1889be5dfd0e56321a9a6d5fe9d4a94b04602c158f3e4d58419b967c255b999f.js?body=1" for ::1 at 2016-01-26 18:24:49 -1000


Started GET "/assets/foundation/foundation.joyride.self-1f6b19104e2439f1e4353444cb6fb9f7f308563556f167c2154ca3108eb7f77e.js?body=1" for ::1 at 2016-01-26 18:24:49 -1000


Started GET "/assets/foundation/foundation.magellan.self-1fcf75780d5b4db5e97c267810e7c9a5e19a9f0d7b67a2d167074d7cff1d6a70.js?body=1" for ::1 at 2016-01-26 18:24:49 -1000


Started GET "/assets/foundation/foundation.offcanvas.self-2f34a4b91e1e958aefbde46004d6186ee82e018fe95634214749799141339810.js?body=1" for ::1 at 2016-01-26 18:24:49 -1000


Started GET "/assets/foundation/foundation.orbit.self-ba7d30fe424df83b5bc8bc5bb67ea90608759c6eb8212d1475d52b09db0bcd0f.js?body=1" for ::1 at 2016-01-26 18:24:49 -1000


Started GET "/assets/foundation/foundation.reveal.self-5a83316675f14b52f582d67c053ae7977827a5b06459d7e8f5556cbedfba1d0d.js?body=1" for ::1 at 2016-01-26 18:24:49 -1000


Started GET "/assets/foundation/foundation.slider.self-686e8b14e01aeb75ec0980de90956540d2b245324fc58e8c25debafc60300b96.js?body=1" for ::1 at 2016-01-26 18:24:49 -1000


Started GET "/assets/foundation/foundation.tab.self-9b2bd1afa5715ce8f154fa008d0aab44500763e9b336a6d4e5bca96437176a74.js?body=1" for ::1 at 2016-01-26 18:24:49 -1000


Started GET "/assets/foundation/foundation.topbar.self-fa6260890f9f59c821128d066bcfaa18665c816022bafd398d937c367d5e39b7.js?body=1" for ::1 at 2016-01-26 18:24:49 -1000


Started GET "/assets/foundation/foundation.tooltip.self-dae1db2297f90064e1a8ae7b02b175ca613cc6a2d190aaed548f6ef853f4b46d.js?body=1" for ::1 at 2016-01-26 18:24:49 -1000


Started GET "/assets/foundation.self-abe4ee7a105042f73b12b1f1a28788522d2f253445a475a94ab4d6e1f7b0ec52.js?body=1" for ::1 at 2016-01-26 18:24:49 -1000


Started GET "/assets/turbolinks.self-c37727e9bd6b2735da5c311aa83fead54ed0be6cc8bd9a65309e9c5abe2cbfff.js?body=1" for ::1 at 2016-01-26 18:24:49 -1000


Started GET "/assets/homepage.self-877aef30ae1b040ab8a3aba4e3e309a11d7f2612f44dde450b5c157aa5f95c05.js?body=1" for ::1 at 2016-01-26 18:24:49 -1000


Started GET "/assets/application.self-79a300d240bbf145c9af961805bc87f18e9f73bd1cda275895295c80d8552d3f.js?body=1" for ::1 at 2016-01-26 18:24:49 -1000


Started GET "/" for ::1 at 2016-01-26 18:25:23 -1000
Processing by HomepageController#index as HTML
  Rendered homepage/index.html.erb within layouts/application (0.1ms)
  Rendered layouts/_messages.html.erb (0.2ms)
  Rendered layouts/_footer.html (0.1ms)
Completed 200 OK in 870ms (Views: 868.6ms | ActiveRecord: 0.0ms)


Started GET "/assets/application.self-e0833bd2e8d6271726f8998a91793ae8885c208f7a6aa3dce7938d59e5c60022.css?body=1" for ::1 at 2016-01-26 18:25:24 -1000


Started GET "/assets/font-awesome.self-c1a7a80b6536c3397a1a212c9bd22298ae69260ee343d00b60d7f41fa54a59a8.css?body=1" for ::1 at 2016-01-26 18:25:24 -1000


Started GET "/assets/foundation_and_overrides.self-41926e34ebac7179bd190cebb0f11215b755caebce472e2d1dc7b50d71a1eca6.css?body=1" for ::1 at 2016-01-26 18:25:24 -1000


Started GET "/assets/homepage.self-e3b0c44298fc1c149afbf4c8996fb92427ae41e4649b934ca495991b7852b855.css?body=1" for ::1 at 2016-01-26 18:25:24 -1000


Started GET "/assets/vendor/modernizr.self-74da3245def7569da28115667be6a85a2ad97464abe707c9829c46d8975597bc.js?body=1" for ::1 at 2016-01-26 18:25:24 -1000


Started GET "/assets/foundation/foundation.accordion.self-02a179f7efde1facecf8a814cae32112c36800ce3d66bafc00c807a56d7b8d46.js?body=1" for ::1 at 2016-01-26 18:25:24 -1000


Started GET "/assets/jquery_ujs.self-d456baa54c1fa6be2ec3711f0a72ddf7a5b2f34a6b4f515f33767d6207b7d4b3.js?body=1" for ::1 at 2016-01-26 18:25:24 -1000


Started GET "/assets/foundation/foundation.self-98616d4fb376f824aeb7c868e05e747b97176a864c7da854779ed398828df78f.js?body=1" for ::1 at 2016-01-26 18:25:24 -1000


Started GET "/assets/foundation/foundation.abide.self-670a9b56e37b4b434f79686b8a9862222173d68ec823b20565340e0e87627ca4.js?body=1" for ::1 at 2016-01-26 18:25:24 -1000


Started GET "/assets/jquery.self-a714331225dda820228db323939889f149aec0127aeb06255646b616ba1ca419.js?body=1" for ::1 at 2016-01-26 18:25:24 -1000


Started GET "/assets/foundation/foundation.alert.self-631e4c4124bd543574c5a7f4d5d8b59fdf350f6c11d6201ba8a872e8a0f203b0.js?body=1" for ::1 at 2016-01-26 18:25:24 -1000


Started GET "/assets/foundation/foundation.clearing.self-96397aa6b2d39ff61e9b4ce8486a9f716f9072f2011f1dc99f94a96b381b3830.js?body=1" for ::1 at 2016-01-26 18:25:24 -1000


Started GET "/assets/foundation/foundation.dropdown.self-3e70f72040b183d09b673307b08d1d688a5572c6c8cbb222755945e70ccbb05e.js?body=1" for ::1 at 2016-01-26 18:25:24 -1000


Started GET "/assets/foundation/foundation.equalizer.self-1889be5dfd0e56321a9a6d5fe9d4a94b04602c158f3e4d58419b967c255b999f.js?body=1" for ::1 at 2016-01-26 18:25:24 -1000


Started GET "/assets/foundation/foundation.joyride.self-1f6b19104e2439f1e4353444cb6fb9f7f308563556f167c2154ca3108eb7f77e.js?body=1" for ::1 at 2016-01-26 18:25:24 -1000


Started GET "/assets/foundation/foundation.interchange.self-c6d033cdd9e7fd3f29c067eb7b9ee564f7a6b542650d2ca530ae1e3c529a3c35.js?body=1" for ::1 at 2016-01-26 18:25:24 -1000


Started GET "/assets/foundation/foundation.magellan.self-1fcf75780d5b4db5e97c267810e7c9a5e19a9f0d7b67a2d167074d7cff1d6a70.js?body=1" for ::1 at 2016-01-26 18:25:24 -1000


Started GET "/assets/foundation/foundation.offcanvas.self-2f34a4b91e1e958aefbde46004d6186ee82e018fe95634214749799141339810.js?body=1" for ::1 at 2016-01-26 18:25:24 -1000


Started GET "/assets/foundation/foundation.orbit.self-ba7d30fe424df83b5bc8bc5bb67ea90608759c6eb8212d1475d52b09db0bcd0f.js?body=1" for ::1 at 2016-01-26 18:25:24 -1000


Started GET "/assets/foundation/foundation.reveal.self-5a83316675f14b52f582d67c053ae7977827a5b06459d7e8f5556cbedfba1d0d.js?body=1" for ::1 at 2016-01-26 18:25:24 -1000


Started GET "/assets/foundation/foundation.slider.self-686e8b14e01aeb75ec0980de90956540d2b245324fc58e8c25debafc60300b96.js?body=1" for ::1 at 2016-01-26 18:25:24 -1000


Started GET "/assets/foundation/foundation.tab.self-9b2bd1afa5715ce8f154fa008d0aab44500763e9b336a6d4e5bca96437176a74.js?body=1" for ::1 at 2016-01-26 18:25:24 -1000


Started GET "/assets/foundation/foundation.tooltip.self-dae1db2297f90064e1a8ae7b02b175ca613cc6a2d190aaed548f6ef853f4b46d.js?body=1" for ::1 at 2016-01-26 18:25:24 -1000


Started GET "/assets/foundation/foundation.topbar.self-fa6260890f9f59c821128d066bcfaa18665c816022bafd398d937c367d5e39b7.js?body=1" for ::1 at 2016-01-26 18:25:24 -1000


Started GET "/assets/foundation.self-abe4ee7a105042f73b12b1f1a28788522d2f253445a475a94ab4d6e1f7b0ec52.js?body=1" for ::1 at 2016-01-26 18:25:24 -1000


Started GET "/assets/turbolinks.self-c37727e9bd6b2735da5c311aa83fead54ed0be6cc8bd9a65309e9c5abe2cbfff.js?body=1" for ::1 at 2016-01-26 18:25:24 -1000


Started GET "/assets/application.self-79a300d240bbf145c9af961805bc87f18e9f73bd1cda275895295c80d8552d3f.js?body=1" for ::1 at 2016-01-26 18:25:24 -1000


Started GET "/assets/homepage.self-877aef30ae1b040ab8a3aba4e3e309a11d7f2612f44dde450b5c157aa5f95c05.js?body=1" for ::1 at 2016-01-26 18:25:24 -1000
